2025-08-11 14:35:23,541 - core.entropy_calculator - INFO - Calculated dataset entropy: 70400.00 bits (N=100, S=64, V=2048)
2025-08-11 14:35:23,541 - core.entropy_calculator - INFO - Calculated dataset entropy: 352000.00 bits (N=500, S=64, V=2048)
2025-08-11 14:35:23,541 - core.entropy_calculator - INFO - Calculated dataset entropy: 704000.00 bits (N=1000, S=64, V=2048)
2025-08-11 14:35:23,541 - core.entropy_calculator - INFO - Calculated dataset entropy: 3520000.00 bits (N=5000, S=64, V=2048)
2025-08-11 14:35:23,564 - core.entropy_calculator - INFO - Calculated dataset entropy: 704000.00 bits (N=1000, S=64, V=2048)
2025-08-11 14:35:23,567 - core.entropy_calculator - INFO - Using CPU
2025-08-11 14:35:23,568 - core.entropy_calculator - INFO - Calculating model entropy for 1000 sequences of length 64 using batch_size 50
2025-08-11 14:35:23,621 - core.entropy_calculator - INFO - Processed batch 1, sequences 1-50
2025-08-11 14:35:23,816 - core.entropy_calculator - INFO - Calculated model entropy: 707916.75 bits (63000 tokens, 11.2368 bits/token)
2025-08-11 14:35:23,816 - core.entropy_calculator - INFO - Using CPU
2025-08-11 14:35:23,816 - core.entropy_calculator - INFO - Calculating model entropy for 1000 sequences of length 64 using batch_size 50
2025-08-11 14:35:23,843 - core.entropy_calculator - INFO - Processed batch 1, sequences 1-50
2025-08-11 14:35:24,227 - core.entropy_calculator - INFO - Calculated model entropy: 708507.34 bits (63000 tokens, 11.2461 bits/token)
2025-08-11 14:35:24,227 - core.entropy_calculator - INFO - Using CPU
2025-08-11 14:35:24,228 - core.entropy_calculator - INFO - Calculating joint model entropy for 1000 sequences using batch_size 50
2025-08-11 14:35:24,261 - core.entropy_calculator - INFO - Processed batch 1
2025-08-11 14:35:24,814 - core.entropy_calculator - INFO - Calculated joint model entropy: 678511.24 bits (10.7700 bits/token)
2025-08-11 14:35:24,815 - core.entropy_calculator - INFO - Using CPU
2025-08-11 14:35:24,816 - core.entropy_calculator - INFO - Calculating model entropy for 1000 sequences of length 64 using batch_size 50
2025-08-11 14:35:24,825 - core.entropy_calculator - INFO - Processed batch 1, sequences 1-50
2025-08-11 14:35:25,027 - core.entropy_calculator - INFO - Calculated model entropy: 707916.75 bits (63000 tokens, 11.2368 bits/token)
2025-08-11 14:35:25,027 - core.entropy_calculator - INFO - Estimated compression rate: 11.2368 bits/token
2025-08-11 14:35:25,028 - core.entropy_calculator - INFO - Using CPU
2025-08-11 14:35:25,028 - core.entropy_calculator - INFO - Calculating model entropy for 1000 sequences of length 64 using batch_size 50
2025-08-11 14:35:25,047 - core.entropy_calculator - INFO - Processed batch 1, sequences 1-50
2025-08-11 14:35:25,386 - core.entropy_calculator - INFO - Calculated model entropy: 708507.34 bits (63000 tokens, 11.2461 bits/token)
2025-08-11 14:35:25,387 - core.entropy_calculator - INFO - Estimated compression rate: 11.2461 bits/token
